#-----------------------------------------------------------
# Vivado v2014.4
# SW Build 1071353 on Tue Nov 18 18:06:20 MST 2014
# IP Build 1070531 on Tue Nov 18 01:10:18 MST 2014
# Start of session at: Wed Nov 25 17:35:48 2015
# Process ID: 4064
# Log file: C:/Users/mtech/poonam_vlsi/vlsi_proj/sinn/project_1/vivado.log
# Journal file: C:/Users/mtech/poonam_vlsi/vlsi_proj/sinn/project_1\vivado.jou
#-----------------------------------------------------------
start_gui
open_project C:/Users/mtech/poonam_vlsi/vlsi_proj/sinn/project_1/project_1.xpr
Scanning sources...
Finished scanning sources
INFO: [IP_Flow 19-234] Refreshing IP repositories
INFO: [IP_Flow 19-1704] No user IP repositories specified
INFO: [IP_Flow 19-2313] Loaded Vivado IP repository 'C:/Xilinx/Vivado/2014.4/data/ip'.
WARNING: [IP_Flow 19-2162] IP 'sine_wave' is locked:
* IP definition 'CORDIC (4.0)' for IP 'sine_wave' has a newer major version in the IP Catalog.
* Current project part 'xc7vx485tffg1157-1' and the part 'xc4vfx12sf363-12' used to customize the IP 'sine_wave' do not match.
Please select 'Report IP Status' from the 'Tools/Report' menu or run Tcl command 'report_ip_status' for more information.
open_project: Time (s): cpu = 00:00:12 ; elapsed = 00:00:06 . Memory (MB): peak = 532.797 ; gain = 75.684
reset_run synth_2
exit
INFO: [Common 17-206] Exiting Vivado at Wed Nov 25 17:36:58 2015...
